  gal_osnma_sim_dinamik.c
C:\Users\PC_3740\source\repos\gal_osnma_sim_dinamik\gal_osnma_sim_dinamik.c(30): warning C4047: 'function': 'double *' differs in levels of indirection from 'double (*)[3]'
C:\Users\PC_3740\source\repos\gal_osnma_sim_dinamik\gal_osnma_sim_dinamik.c(30): warning C4024: 'initSatList': different types for formal and actual parameter 4
C:\Users\PC_3740\source\repos\gal_osnma_sim_dinamik\gal_osnma_sim_dinamik.c(36): warning C4013: 'readTestvectToEph' undefined; assuming extern returning int
C:\Users\PC_3740\source\repos\gal_osnma_sim_dinamik\gal_osnma_sim_dinamik.c(41): warning C4047: 'function': 'double *' differs in levels of indirection from 'double (*)[3]'
C:\Users\PC_3740\source\repos\gal_osnma_sim_dinamik\gal_osnma_sim_dinamik.c(41): warning C4024: 'updateSatList': different types for formal and actual parameter 5
C:\Users\PC_3740\source\repos\gal_osnma_sim_dinamik\gal_osnma_sim_dinamik.c(52): warning C4047: 'function': 'double *' differs in levels of indirection from 'double (*)[3]'
C:\Users\PC_3740\source\repos\gal_osnma_sim_dinamik\gal_osnma_sim_dinamik.c(52): warning C4024: 'initChan': different types for formal and actual parameter 4
  gal-sdr-sim.c
C:\Users\PC_3740\source\repos\gal_osnma_sim_dinamik\src\gal-sdr-sim.c(141): warning C4305: 'initializing': truncation from 'double' to 'float'
C:\Users\PC_3740\source\repos\gal_osnma_sim_dinamik\src\gal-sdr-sim.c(259): warning C4244: '=': conversion from 'double' to 'int', possible loss of data
C:\Users\PC_3740\source\repos\gal_osnma_sim_dinamik\src\gal-sdr-sim.c(299): warning C4553: '==': result of expression not used; did you intend '='?
C:\Users\PC_3740\source\repos\gal_osnma_sim_dinamik\src\gal-sdr-sim.c(205): warning C4101: 'numd': unreferenced local variable
C:\Users\PC_3740\source\repos\gal_osnma_sim_dinamik\src\gal-sdr-sim.c(351): warning C4101: 'toe_utc': unreferenced local variable
C:\Users\PC_3740\source\repos\gal_osnma_sim_dinamik\src\gal-sdr-sim.c(351): warning C4101: 'toc_utc': unreferenced local variable
C:\Users\PC_3740\source\repos\gal_osnma_sim_dinamik\src\gal-sdr-sim.c(350): warning C4101: 'eph': unreferenced local variable
C:\Users\PC_3740\source\repos\gal_osnma_sim_dinamik\src\gal-sdr-sim.c(450): warning C4028: formal parameter 1 different from declaration
C:\Users\PC_3740\source\repos\gal_osnma_sim_dinamik\src\gal-sdr-sim.c(577): warning C4477: 'printf' : format string '%d' requires an argument of type 'int', but variadic argument 1 has type 'size_t'
  C:\Users\PC_3740\source\repos\gal_osnma_sim_dinamik\src\gal-sdr-sim.c(577): note: consider using '%zd' in the format string
  Generating Code...
  gal_osnma_sim_dinamik.vcxproj -> C:\Users\PC_3740\source\repos\gal_osnma_sim_dinamik\x64\Debug\gal_osnma_sim_dinamik.exe
  'pwsh.exe' is not recognized as an internal or external command,
  operable program or batch file.
