c:\users\pc_3740\desktop\proje\bladerf_sim_gui\programs\bladerf_repeater\bladerf_repeater\x64\debug\vc143.pdb
c:\users\pc_3740\desktop\proje\bladerf_sim_gui\programs\bladerf_repeater\bladerf_repeater\x64\debug\vc143.idb
c:\users\pc_3740\desktop\proje\bladerf_sim_gui\programs\bladerf_repeater\bladerf_repeater\x64\debug\mod_tx.obj
c:\users\pc_3740\desktop\proje\bladerf_sim_gui\programs\bladerf_repeater\bladerf_repeater\x64\debug\main.obj
c:\users\pc_3740\desktop\proje\bladerf_sim_gui\programs\bladerf_repeater\bladerf_repeater\x64\debug\mod_rxtx.obj
c:\users\pc_3740\desktop\proje\bladerf_sim_gui\programs\bladerf_repeater\bladerf_repeater\x64\debug\channel.obj
c:\users\pc_3740\desktop\proje\bladerf_sim_gui\programs\bladerf_repeater\bladerf_repeater\x64\debug\get_parameter.obj
c:\users\pc_3740\desktop\proje\bladerf_sim_gui\programs\bladerf_repeater\bladerf_repeater\x64\debug\signal_handler.obj
c:\users\pc_3740\desktop\proje\bladerf_sim_gui\programs\bladerf_repeater\bladerf_repeater\x64\debug\bladerf_repeater.ilk
c:\users\pc_3740\desktop\proje\bladerf_sim_gui\programs\bladerf_repeater\bladerf_repeater\x64\debug\get_opt.obj
c:\users\pc_3740\desktop\proje\bladerf_sim_gui\programs\bladerf_repeater\bladerf_repeater\x64\debug\rxtx.obj
c:\users\pc_3740\desktop\proje\bladerf_sim_gui\programs\bladerf_repeater\x64\debug\bladerf_repeater.pdb
c:\users\pc_3740\desktop\proje\bladerf_sim_gui\programs\bladerf_repeater\bladerf_repeater\x64\debug\bladerf_repeater.tlog\cl.command.1.tlog
c:\users\pc_3740\desktop\proje\bladerf_sim_gui\programs\bladerf_repeater\bladerf_repeater\x64\debug\bladerf_repeater.tlog\cl.items.tlog
c:\users\pc_3740\desktop\proje\bladerf_sim_gui\programs\bladerf_repeater\bladerf_repeater\x64\debug\bladerf_repeater.tlog\cl.read.1.tlog
c:\users\pc_3740\desktop\proje\bladerf_sim_gui\programs\bladerf_repeater\bladerf_repeater\x64\debug\bladerf_repeater.tlog\cl.write.1.tlog
c:\users\pc_3740\desktop\proje\bladerf_sim_gui\programs\bladerf_repeater\bladerf_repeater\x64\debug\bladerf_repeater.tlog\link-cvtres.read.1.tlog
c:\users\pc_3740\desktop\proje\bladerf_sim_gui\programs\bladerf_repeater\bladerf_repeater\x64\debug\bladerf_repeater.tlog\link-cvtres.write.1.tlog
c:\users\pc_3740\desktop\proje\bladerf_sim_gui\programs\bladerf_repeater\bladerf_repeater\x64\debug\bladerf_repeater.tlog\link-rc.read.1.tlog
c:\users\pc_3740\desktop\proje\bladerf_sim_gui\programs\bladerf_repeater\bladerf_repeater\x64\debug\bladerf_repeater.tlog\link-rc.write.1.tlog
c:\users\pc_3740\desktop\proje\bladerf_sim_gui\programs\bladerf_repeater\bladerf_repeater\x64\debug\bladerf_repeater.tlog\link.28592-cvtres.read.1.tlog
c:\users\pc_3740\desktop\proje\bladerf_sim_gui\programs\bladerf_repeater\bladerf_repeater\x64\debug\bladerf_repeater.tlog\link.28592-cvtres.write.1.tlog
c:\users\pc_3740\desktop\proje\bladerf_sim_gui\programs\bladerf_repeater\bladerf_repeater\x64\debug\bladerf_repeater.tlog\link.28592-rc.read.1.tlog
c:\users\pc_3740\desktop\proje\bladerf_sim_gui\programs\bladerf_repeater\bladerf_repeater\x64\debug\bladerf_repeater.tlog\link.28592-rc.write.1.tlog
c:\users\pc_3740\desktop\proje\bladerf_sim_gui\programs\bladerf_repeater\bladerf_repeater\x64\debug\bladerf_repeater.tlog\link.28592.read.1.tlog
c:\users\pc_3740\desktop\proje\bladerf_sim_gui\programs\bladerf_repeater\bladerf_repeater\x64\debug\bladerf_repeater.tlog\link.28592.read.2.tlog
c:\users\pc_3740\desktop\proje\bladerf_sim_gui\programs\bladerf_repeater\bladerf_repeater\x64\debug\bladerf_repeater.tlog\link.28592.read.3.tlog
c:\users\pc_3740\desktop\proje\bladerf_sim_gui\programs\bladerf_repeater\bladerf_repeater\x64\debug\bladerf_repeater.tlog\link.28592.read.4.tlog
c:\users\pc_3740\desktop\proje\bladerf_sim_gui\programs\bladerf_repeater\bladerf_repeater\x64\debug\bladerf_repeater.tlog\link.28592.write.1.tlog
c:\users\pc_3740\desktop\proje\bladerf_sim_gui\programs\bladerf_repeater\bladerf_repeater\x64\debug\bladerf_repeater.tlog\link.command.1.tlog
c:\users\pc_3740\desktop\proje\bladerf_sim_gui\programs\bladerf_repeater\bladerf_repeater\x64\debug\bladerf_repeater.tlog\link.read.1.tlog
c:\users\pc_3740\desktop\proje\bladerf_sim_gui\programs\bladerf_repeater\bladerf_repeater\x64\debug\bladerf_repeater.tlog\link.read.2.tlog
c:\users\pc_3740\desktop\proje\bladerf_sim_gui\programs\bladerf_repeater\bladerf_repeater\x64\debug\bladerf_repeater.tlog\link.read.3.tlog
c:\users\pc_3740\desktop\proje\bladerf_sim_gui\programs\bladerf_repeater\bladerf_repeater\x64\debug\bladerf_repeater.tlog\link.read.4.tlog
c:\users\pc_3740\desktop\proje\bladerf_sim_gui\programs\bladerf_repeater\bladerf_repeater\x64\debug\bladerf_repeater.tlog\link.read.5.tlog
c:\users\pc_3740\desktop\proje\bladerf_sim_gui\programs\bladerf_repeater\bladerf_repeater\x64\debug\bladerf_repeater.tlog\link.secondary.1.tlog
c:\users\pc_3740\desktop\proje\bladerf_sim_gui\programs\bladerf_repeater\bladerf_repeater\x64\debug\bladerf_repeater.tlog\link.write.1.tlog
