  gal_osnma_sim.c
  conversion.c
C:\Users\PC_3740\Desktop\GYT_MericSetan_staj\works\Blade_RF\gui\bladeRF_GUI_v1\Programs\gal_osnma_sim\src\conversion.c(288): warning C4244: '=': conversion from 'double' to 'int', possible loss of data
C:\Users\PC_3740\Desktop\GYT_MericSetan_staj\works\Blade_RF\gui\bladeRF_GUI_v1\Programs\gal_osnma_sim\src\conversion.c(292): warning C4244: '=': conversion from 'double' to 'int', possible loss of data
C:\Users\PC_3740\Desktop\GYT_MericSetan_staj\works\Blade_RF\gui\bladeRF_GUI_v1\Programs\gal_osnma_sim\src\conversion.c(296): warning C4244: '=': conversion from 'double' to 'int', possible loss of data
C:\Users\PC_3740\Desktop\GYT_MericSetan_staj\works\Blade_RF\gui\bladeRF_GUI_v1\Programs\gal_osnma_sim\src\conversion.c(373): warning C4244: '=': conversion from 'double' to 'int', possible loss of data
C:\Users\PC_3740\Desktop\GYT_MericSetan_staj\works\Blade_RF\gui\bladeRF_GUI_v1\Programs\gal_osnma_sim\src\conversion.c(377): warning C4244: '=': conversion from 'double' to 'int', possible loss of data
C:\Users\PC_3740\Desktop\GYT_MericSetan_staj\works\Blade_RF\gui\bladeRF_GUI_v1\Programs\gal_osnma_sim\src\conversion.c(381): warning C4244: '=': conversion from 'double' to 'int', possible loss of data
  ephemgal.c
C:\Users\PC_3740\Desktop\GYT_MericSetan_staj\works\Blade_RF\gui\bladeRF_GUI_v1\Programs\gal_osnma_sim\src\ephemgal.c(97): warning C4244: '=': conversion from 'double' to 'int', possible loss of data
C:\Users\PC_3740\Desktop\GYT_MericSetan_staj\works\Blade_RF\gui\bladeRF_GUI_v1\Programs\gal_osnma_sim\src\ephemgal.c(100): warning C4244: '=': conversion from 'double' to 'int', possible loss of data
C:\Users\PC_3740\Desktop\GYT_MericSetan_staj\works\Blade_RF\gui\bladeRF_GUI_v1\Programs\gal_osnma_sim\src\ephemgal.c(108): warning C4244: '-=': conversion from 'double' to 'int', possible loss of data
C:\Users\PC_3740\Desktop\GYT_MericSetan_staj\works\Blade_RF\gui\bladeRF_GUI_v1\Programs\gal_osnma_sim\src\ephemgal.c(112): warning C4244: '+=': conversion from 'double' to 'int', possible loss of data
  fifoBuffer.c
  gal-sdr-sim.c
C:\Users\PC_3740\Desktop\GYT_MericSetan_staj\works\Blade_RF\gui\bladeRF_GUI_v1\Programs\gal_osnma_sim\src\gal-sdr-sim.c(30): warning C4305: 'initializing': truncation from 'double' to 'float'
C:\Users\PC_3740\Desktop\GYT_MericSetan_staj\works\Blade_RF\gui\bladeRF_GUI_v1\Programs\gal_osnma_sim\src\gal-sdr-sim.c(141): warning C4244: '=': conversion from 'double' to 'int', possible loss of data
C:\Users\PC_3740\Desktop\GYT_MericSetan_staj\works\Blade_RF\gui\bladeRF_GUI_v1\Programs\gal_osnma_sim\src\gal-sdr-sim.c(192): warning C4101: 'toe_utc': unreferenced local variable
C:\Users\PC_3740\Desktop\GYT_MericSetan_staj\works\Blade_RF\gui\bladeRF_GUI_v1\Programs\gal_osnma_sim\src\gal-sdr-sim.c(192): warning C4101: 'toc_utc': unreferenced local variable
C:\Users\PC_3740\Desktop\GYT_MericSetan_staj\works\Blade_RF\gui\bladeRF_GUI_v1\Programs\gal_osnma_sim\src\gal-sdr-sim.c(309): warning C4028: formal parameter 1 different from declaration
C:\Users\PC_3740\Desktop\GYT_MericSetan_staj\works\Blade_RF\gui\bladeRF_GUI_v1\Programs\gal_osnma_sim\src\gal-sdr-sim.c(436): warning C4477: 'printf' : format string '%d' requires an argument of type 'int', but variadic argument 1 has type 'size_t'
  C:\Users\PC_3740\Desktop\GYT_MericSetan_staj\works\Blade_RF\gui\bladeRF_GUI_v1\Programs\gal_osnma_sim\src\gal-sdr-sim.c(436): note: consider using '%zd' in the format string
  galsignal.c
  galWord.c
  hackrf-tr.c
  motionType.c
C:\Users\PC_3740\Desktop\GYT_MericSetan_staj\works\Blade_RF\gui\bladeRF_GUI_v1\Programs\gal_osnma_sim\src\motionType.c(42): warning C4028: formal parameter 2 different from declaration
  readTestvectors.c
C:\Users\PC_3740\Desktop\GYT_MericSetan_staj\works\Blade_RF\gui\bladeRF_GUI_v1\Programs\gal_osnma_sim\src\readTestvectors.c(397): warning C4267: '=': conversion from 'size_t' to 'long', possible loss of data
C:\Users\PC_3740\Desktop\GYT_MericSetan_staj\works\Blade_RF\gui\bladeRF_GUI_v1\Programs\gal_osnma_sim\src\readTestvectors.c(425): warning C4244: '=': conversion from 'double' to 'int', possible loss of data
C:\Users\PC_3740\Desktop\GYT_MericSetan_staj\works\Blade_RF\gui\bladeRF_GUI_v1\Programs\gal_osnma_sim\src\readTestvectors.c(405): warning C4102: 'endwhile': unreferenced label
C:\Users\PC_3740\Desktop\GYT_MericSetan_staj\works\Blade_RF\gui\bladeRF_GUI_v1\Programs\gal_osnma_sim\src\readTestvectors.c(479): warning C4267: 'function': conversion from 'size_t' to 'long', possible loss of data
  receiver.c
C:\Users\PC_3740\Desktop\GYT_MericSetan_staj\works\Blade_RF\gui\bladeRF_GUI_v1\Programs\gal_osnma_sim\src\receiver.c(49): warning C4244: '=': conversion from 'double' to 'int', possible loss of data
  satListType.c
C:\Users\PC_3740\Desktop\GYT_MericSetan_staj\works\Blade_RF\gui\bladeRF_GUI_v1\Programs\gal_osnma_sim\src\satListType.c(198): warning C4244: 'initializing': conversion from 'double' to 'float', possible loss of data
C:\Users\PC_3740\Desktop\GYT_MericSetan_staj\works\Blade_RF\gui\bladeRF_GUI_v1\Programs\gal_osnma_sim\src\satListType.c(394): warning C4028: formal parameter 1 different from declaration
  signalControl.c
  uc_birim.c
  updateThread.c
  Generating code
  67 of 69 functions (97.1%) were compiled, the rest were copied from previous compilation.
    0 functions were new in current compilation
    0 functions had inline decision re-evaluated but remain unchanged
  Finished generating code
  gal_osnma_sim.vcxproj -> C:\Users\PC_3740\Desktop\GYT_MericSetan_staj\works\Blade_RF\gui\bladeRF_GUI_v1\Programs\gal_osnma_sim\x64\Release\gal_osnma_sim.exe
  'pwsh.exe' is not recognized as an internal or external command,
  operable program or batch file.
